WARNING: A terminally deprecated method in sun.misc.Unsafe has been called
WARNING: sun.misc.Unsafe::staticFieldBase has been called by com.google.inject.internal.aop.HiddenClassDefiner (file:/C:/Users/USER/.m2/wrapper/dists/apache-maven-3.9.11/03d7e36a140982eea48e22c1dcac01d8862b2550b2939e09a0809bbc5182a5bc/lib/guice-5.1.0-classes.jar)
WARNING: Please consider reporting this to the maintainers of class com.google.inject.internal.aop.HiddenClassDefiner
WARNING: sun.misc.Unsafe::staticFieldBase will be removed in a future release
[INFO] Scanning for projects...
[INFO] 
[INFO] --------------------< ui.ft.ccit.faculty:transaksi >--------------------
[INFO] Building transaksi 0.0.1-SNAPSHOT
[INFO]   from pom.xml
[INFO] --------------------------------[ jar ]---------------------------------
[INFO] 
[INFO] --- clean:3.5.0:clean (default-clean) @ transaksi ---
[INFO] Deleting D:\FATHUR\Documents\Perkuliahan\Kelas CCIT\Semester 3\Phase 2\Latihan\transaksi\target
[INFO] 
[INFO] --- resources:3.3.1:resources (default-resources) @ transaksi ---
[INFO] Copying 3 resources from src\main\resources to target\classes
[INFO] Copying 1 resource from src\main\resources to target\classes
[INFO] 
[INFO] --- compiler:3.14.1:compile (default-compile) @ transaksi ---
[INFO] Recompiling the module because of changed source code.
[INFO] Compiling 87 source files with javac [debug parameters release 25] to target\classes
[INFO] 
[INFO] --- resources:3.3.1:testResources (default-testResources) @ transaksi ---
[INFO] Copying 1 resource from src\test\resources to target\test-classes
[INFO] 
[INFO] --- compiler:3.14.1:testCompile (default-testCompile) @ transaksi ---
[INFO] Recompiling the module because of changed dependency.
[INFO] Compiling 8 source files with javac [debug parameters release 25] to target\test-classes
[INFO] 
[INFO] --- surefire:3.5.4:test (default-test) @ transaksi ---
[INFO] Using auto detected provider org.apache.maven.surefire.junitplatform.JUnitPlatformProvider
[INFO] 
[INFO] -------------------------------------------------------
[INFO]  T E S T S
[INFO] -------------------------------------------------------
[INFO] Running ui.ft.ccit.faculty.transaksi.barang.BarangRepositoryTest
09:31:43.406 [main] INFO org.springframework.test.context.support.AnnotationConfigContextLoaderUtils -- Could not detect default configuration classes for test class [ui.ft.ccit.faculty.transaksi.barang.BarangRepositoryTest]: BarangRepositoryTest does not declare any static, non-private, non-final, nested classes annotated with @Configuration.
09:31:43.840 [main] INFO org.springframework.boot.test.context.SpringBootTestContextBootstrapper -- Found @SpringBootConfiguration ui.ft.ccit.faculty.transaksi.TransaksiApplication for test class ui.ft.ccit.faculty.transaksi.barang.BarangRepositoryTest

  .   ____          _            __ _ _
 /\\ / ___'_ __ _ _(_)_ __  __ _ \ \ \ \
( ( )\___ | '_ | '_| | '_ \/ _` | \ \ \ \
 \\/  ___)| |_)| | | | | || (_| |  ) ) ) )
  '  |____| .__|_| |_|_| |_\__, | / / / /
 =========|_|==============|___/=/_/_/_/

 :: Spring Boot ::                (v4.0.0)

2025-12-28 09:31:45 - Starting BarangRepositoryTest using Java 25.0.1 with PID 15880 (started by Fathur in D:\FATHUR\Documents\Perkuliahan\Kelas CCIT\Semester 3\Phase 2\Latihan\transaksi)
2025-12-28 09:31:45 - Running with Spring Boot v4.0.0, Spring v7.0.1
2025-12-28 09:31:45 - The following 1 profile is active: "test"
2025-12-28 09:31:49 - Bootstrapping Spring Data JPA repositories in DEFAULT mode.
2025-12-28 09:31:50 - Finished Spring Data repository scanning in 335 ms. Found 7 JPA repository interfaces.
2025-12-28 09:31:52 - HHH000204: Processing PersistenceUnitInfo [name: default]
2025-12-28 09:31:52 - HHH000412: Hibernate ORM core version 7.1.8.Final
2025-12-28 09:31:53 - No LoadTimeWeaver setup: ignoring JPA class transformer
2025-12-28 09:31:53 - HikariPool-1 - Starting...
2025-12-28 09:31:54 - HikariPool-1 - Added connection conn0: url=jdbc:h2:mem:testdb user=SA
2025-12-28 09:31:54 - HikariPool-1 - Start completed.
2025-12-28 09:31:54 - HHH90000025: H2Dialect does not need to be specified explicitly using 'hibernate.dialect' (remove the property setting and it will be selected by default)
2025-12-28 09:31:54 - HHH10001005: Database info:
	Database JDBC URL [jdbc:h2:mem:testdb]
	Database driver: H2 JDBC Driver
	Database dialect: H2Dialect
	Database version: 2.4.240
	Default catalog/schema: TESTDB/PUBLIC
	Autocommit mode: undefined/unknown
	Isolation level: READ_COMMITTED [default READ_COMMITTED]
	JDBC fetch size: 100
	Pool: DatasourceConnectionProviderImpl
	Minimum pool size: undefined/unknown
	Maximum pool size: undefined/unknown
2025-12-28 09:31:56 - HHH000489: No JTA platform available (set 'hibernate.transaction.jta.platform' to enable JTA platform integration)
2025-12-28 09:31:56 - 
    drop table if exists barang cascade 
2025-12-28 09:31:56 - 
    drop table if exists detail_transaksi cascade 
2025-12-28 09:31:56 - 
    drop table if exists jenis_barang cascade 
2025-12-28 09:31:56 - 
    drop table if exists karyawan cascade 
2025-12-28 09:31:56 - 
    drop table if exists pelanggan cascade 
2025-12-28 09:31:56 - 
    drop table if exists pemasok cascade 
2025-12-28 09:31:56 - 
    drop table if exists transaksi cascade 
2025-12-28 09:31:56 - 
    create table barang (
        diskon float(53) not null,
        harga float(53),
        id_barang varchar(4) not null,
        id_jenis_brg integer,
        id_pemasok varchar(4),
        persen_laba float(53),
        stok smallint,
        nama varchar(255),
        primary key (id_barang)
    )
2025-12-28 09:31:56 - 
    create table detail_transaksi (
        id_barang varchar(4) not null,
        jumlah smallint not null,
        kode_transaksi varchar(4) not null,
        primary key (id_barang, kode_transaksi)
    )
2025-12-28 09:31:56 - 
    create table jenis_barang (
        id_jenis_brg integer generated by default as identity,
        nama_jenis_brg varchar(255),
        primary key (id_jenis_brg)
    )
2025-12-28 09:31:56 - 
    create table karyawan (
        gaji float(53) not null,
        id_karyawan varchar(4) not null,
        jenis_kelamin varchar(1) not null,
        tgl_lahir date not null,
        telepon varchar(15),
        nama varchar(20) not null,
        alamat varchar(50) not null,
        primary key (id_karyawan)
    )
2025-12-28 09:31:56 - 
    create table pelanggan (
        id_pelanggan varchar(4) not null,
        jenis_kelamin varchar(1) not null,
        jenis_pelanggan varchar(1) not null,
        tgl_lahir date not null,
        telepon varchar(15),
        nama varchar(20) not null,
        alamat varchar(50) not null,
        primary key (id_pelanggan)
    )
2025-12-28 09:31:56 - 
    create table pemasok (
        id_pemasok varchar(4) not null,
        alamat varchar(255),
        email varchar(255),
        nama varchar(255),
        telepon varchar(255),
        primary key (id_pemasok)
    )
2025-12-28 09:31:56 - 
    create table transaksi (
        id_karyawan varchar(4) not null,
        id_pelanggan varchar(4) not null,
        kode_transaksi varchar(4) not null,
        tgl_transaksi timestamp(6) not null,
        primary key (kode_transaksi)
    )
2025-12-28 09:31:56 - 
    alter table if exists detail_transaksi 
       add constraint FKcw9qt9tk2x2mhyqnfy2ok7kl4 
       foreign key (id_barang) 
       references barang
2025-12-28 09:31:56 - 
    alter table if exists detail_transaksi 
       add constraint FKjeiuknicmicr58cafh5thbuwe 
       foreign key (kode_transaksi) 
       references transaksi
2025-12-28 09:31:56 - 
    alter table if exists transaksi 
       add constraint FKr36hcejm0nv7hi5o0r2j2j7il 
       foreign key (id_karyawan) 
       references karyawan
2025-12-28 09:31:56 - 
    alter table if exists transaksi 
       add constraint FK44jne1n54oplywy3hehu1ut2 
       foreign key (id_pelanggan) 
       references pelanggan
2025-12-28 09:31:56 - Initialized JPA EntityManagerFactory for persistence unit 'default'
2025-12-28 09:31:57 - Hibernate is in classpath; If applicable, HQL parser will be used.
2025-12-28 09:32:02 - Failed to set up a Bean Validation provider: jakarta.validation.NoProviderFoundException: Unable to create a Configuration, because no Jakarta Validation provider could be found. Add a provider like Hibernate Validator (RI) to your classpath.
2025-12-28 09:32:03 - Started BarangRepositoryTest in 19.587 seconds (process running for 22.847)
Mockito is currently self-attaching to enable the inline-mock-maker. This will no longer work in future releases of the JDK. Please add Mockito as an agent to your build as described in Mockito's documentation: https://javadoc.io/doc/org.mockito/mockito-core/latest/org.mockito/org/mockito/Mockito.html#0.3
WARNING: A Java agent has been loaded dynamically (C:\Users\USER\.m2\repository\net\bytebuddy\byte-buddy-agent\1.17.8\byte-buddy-agent-1.17.8.jar)
WARNING: If a serviceability tool is in use, please run with -XX:+EnableDynamicAgentLoading to hide this warning
WARNING: If a serviceability tool is not in use, please run with -Djdk.instrument.traceUsage for more information
WARNING: Dynamic loading of agents will be disallowed by default in a future release
Java HotSpot(TM) 64-Bit Server VM warning: Sharing is only supported for boot loader classes because bootstrap classpath has been appended
2025-12-28 09:32:04 - 
    insert 
    into
        jenis_barang
        (nama_jenis_brg, id_jenis_brg) 
    values
        (?, default)
2025-12-28 09:32:05 - 
    select
        count(*) 
    from
        pemasok p1_0 
    where
        p1_0.id_pemasok=?
2025-12-28 09:32:05 - 
    select
        p1_0.id_pemasok,
        p1_0.alamat,
        p1_0.email,
        p1_0.nama,
        p1_0.telepon 
    from
        pemasok p1_0 
    where
        p1_0.id_pemasok=?
2025-12-28 09:32:05 - 
    select
        b1_0.id_barang,
        b1_0.diskon,
        b1_0.harga,
        b1_0.id_jenis_brg,
        b1_0.id_pemasok,
        b1_0.nama,
        b1_0.persen_laba,
        b1_0.stok 
    from
        barang b1_0 
    where
        b1_0.id_barang=?
2025-12-28 09:32:05 - 
    select
        b1_0.id_barang,
        b1_0.diskon,
        b1_0.harga,
        b1_0.id_jenis_brg,
        b1_0.id_pemasok,
        b1_0.nama,
        b1_0.persen_laba,
        b1_0.stok 
    from
        barang b1_0 
    where
        b1_0.id_barang=?
2025-12-28 09:32:05 - 
    insert 
    into
        pemasok
        (alamat, email, nama, telepon, id_pemasok) 
    values
        (?, ?, ?, ?, ?)
2025-12-28 09:32:05 - 
    insert 
    into
        barang
        (diskon, harga, id_jenis_brg, id_pemasok, nama, persen_laba, stok, id_barang) 
    values
        (?, ?, ?, ?, ?, ?, ?, ?)
2025-12-28 09:32:05 - 
    insert 
    into
        barang
        (diskon, harga, id_jenis_brg, id_pemasok, nama, persen_laba, stok, id_barang) 
    values
        (?, ?, ?, ?, ?, ?, ?, ?)
2025-12-28 09:32:05 - 
    select
        b1_0.id_barang,
        b1_0.diskon,
        b1_0.harga,
        b1_0.id_jenis_brg,
        b1_0.id_pemasok,
        b1_0.nama,
        b1_0.persen_laba,
        b1_0.stok 
    from
        barang b1_0 
    where
        upper(b1_0.nama) like upper(?) escape '\'
2025-12-28 09:32:05 - 
    select
        count(*) 
    from
        barang b1_0 
    where
        b1_0.id_barang=?
2025-12-28 09:32:05 - 
    delete 
    from
        barang 
    where
        id_barang=?
2025-12-28 09:32:05 - 
    select
        count(*) 
    from
        barang b1_0 
    where
        b1_0.id_barang=?
2025-12-28 09:32:05 - 
    insert 
    into
        jenis_barang
        (nama_jenis_brg, id_jenis_brg) 
    values
        (?, default)
2025-12-28 09:32:05 - 
    select
        count(*) 
    from
        pemasok p1_0 
    where
        p1_0.id_pemasok=?
2025-12-28 09:32:05 - 
    select
        p1_0.id_pemasok,
        p1_0.alamat,
        p1_0.email,
        p1_0.nama,
        p1_0.telepon 
    from
        pemasok p1_0 
    where
        p1_0.id_pemasok=?
2025-12-28 09:32:05 - 
    select
        b1_0.id_barang,
        b1_0.diskon,
        b1_0.harga,
        b1_0.id_jenis_brg,
        b1_0.id_pemasok,
        b1_0.nama,
        b1_0.persen_laba,
        b1_0.stok 
    from
        barang b1_0 
    where
        b1_0.id_barang=?
2025-12-28 09:32:05 - 
    insert 
    into
        pemasok
        (alamat, email, nama, telepon, id_pemasok) 
    values
        (?, ?, ?, ?, ?)
2025-12-28 09:32:05 - 
    insert 
    into
        barang
        (diskon, harga, id_jenis_brg, id_pemasok, nama, persen_laba, stok, id_barang) 
    values
        (?, ?, ?, ?, ?, ?, ?, ?)
2025-12-28 09:32:05 - 
    select
        count(*) 
    from
        barang b1_0 
    where
        b1_0.id_barang=?
2025-12-28 09:32:05 - 
    delete 
    from
        barang 
    where
        id_barang=?
2025-12-28 09:32:05 - 
    select
        count(*) 
    from
        barang b1_0 
    where
        b1_0.id_barang=?
[INFO] Tests run: 2, Failures: 0, Errors: 0, Skipped: 0, Time elapsed: 23.13 s -- in ui.ft.ccit.faculty.transaksi.barang.BarangRepositoryTest
[INFO] Running ui.ft.ccit.faculty.transaksi.detailtransaksi.DetailTransaksiRepositoryTest
2025-12-28 09:32:05 - Could not detect default configuration classes for test class [ui.ft.ccit.faculty.transaksi.detailtransaksi.DetailTransaksiRepositoryTest]: DetailTransaksiRepositoryTest does not declare any static, non-private, non-final, nested classes annotated with @Configuration.
2025-12-28 09:32:06 - Found @SpringBootConfiguration ui.ft.ccit.faculty.transaksi.TransaksiApplication for test class ui.ft.ccit.faculty.transaksi.detailtransaksi.DetailTransaksiRepositoryTest
2025-12-28 09:32:06 - 
    insert 
    into
        jenis_barang
        (nama_jenis_brg, id_jenis_brg) 
    values
        (?, default)
2025-12-28 09:32:06 - 
    select
        p1_0.id_pelanggan,
        p1_0.alamat,
        p1_0.jenis_kelamin,
        p1_0.jenis_pelanggan,
        p1_0.nama,
        p1_0.telepon,
        p1_0.tgl_lahir 
    from
        pelanggan p1_0 
    where
        p1_0.id_pelanggan=?
2025-12-28 09:32:06 - 
    select
        k1_0.id_karyawan,
        k1_0.alamat,
        k1_0.gaji,
        k1_0.jenis_kelamin,
        k1_0.nama,
        k1_0.telepon,
        k1_0.tgl_lahir 
    from
        karyawan k1_0 
    where
        k1_0.id_karyawan=?
2025-12-28 09:32:06 - 
    select
        b1_0.id_barang,
        b1_0.diskon,
        b1_0.harga,
        b1_0.id_jenis_brg,
        b1_0.id_pemasok,
        b1_0.nama,
        b1_0.persen_laba,
        b1_0.stok 
    from
        barang b1_0 
    where
        b1_0.id_barang=?
2025-12-28 09:32:06 - 
    select
        t1_0.kode_transaksi,
        t1_0.id_karyawan,
        k1_0.id_karyawan,
        k1_0.alamat,
        k1_0.gaji,
        k1_0.jenis_kelamin,
        k1_0.nama,
        k1_0.telepon,
        k1_0.tgl_lahir,
        t1_0.id_pelanggan,
        p1_0.id_pelanggan,
        p1_0.alamat,
        p1_0.jenis_kelamin,
        p1_0.jenis_pelanggan,
        p1_0.nama,
        p1_0.telepon,
        p1_0.tgl_lahir,
        t1_0.tgl_transaksi 
    from
        transaksi t1_0 
    join
        karyawan k1_0 
            on k1_0.id_karyawan=t1_0.id_karyawan 
    join
        pelanggan p1_0 
            on p1_0.id_pelanggan=t1_0.id_pelanggan 
    where
        t1_0.kode_transaksi=?
2025-12-28 09:32:06 - 
    select
        dt1_0.id_barang,
        dt1_0.kode_transaksi,
        b1_0.id_barang,
        b1_0.diskon,
        b1_0.harga,
        b1_0.id_jenis_brg,
        b1_0.id_pemasok,
        b1_0.nama,
        b1_0.persen_laba,
        b1_0.stok,
        dt1_0.jumlah,
        t1_0.kode_transaksi,
        t1_0.id_karyawan,
        k1_0.id_karyawan,
        k1_0.alamat,
        k1_0.gaji,
        k1_0.jenis_kelamin,
        k1_0.nama,
        k1_0.telepon,
        k1_0.tgl_lahir,
        t1_0.id_pelanggan,
        p1_0.id_pelanggan,
        p1_0.alamat,
        p1_0.jenis_kelamin,
        p1_0.jenis_pelanggan,
        p1_0.nama,
        p1_0.telepon,
        p1_0.tgl_lahir,
        t1_0.tgl_transaksi 
    from
        detail_transaksi dt1_0 
    left join
        barang b1_0 
            on b1_0.id_barang=dt1_0.id_barang 
    left join
        transaksi t1_0 
            on t1_0.kode_transaksi=dt1_0.kode_transaksi 
    left join
        karyawan k1_0 
            on k1_0.id_karyawan=t1_0.id_karyawan 
    left join
        pelanggan p1_0 
            on p1_0.id_pelanggan=t1_0.id_pelanggan 
    where
        (
            dt1_0.id_barang, dt1_0.kode_transaksi
        ) in ((?, ?))
2025-12-28 09:32:06 - 
    insert 
    into
        pelanggan
        (alamat, jenis_kelamin, jenis_pelanggan, nama, telepon, tgl_lahir, id_pelanggan) 
    values
        (?, ?, ?, ?, ?, ?, ?)
2025-12-28 09:32:06 - 
    insert 
    into
        karyawan
        (alamat, gaji, jenis_kelamin, nama, telepon, tgl_lahir, id_karyawan) 
    values
        (?, ?, ?, ?, ?, ?, ?)
2025-12-28 09:32:06 - 
    insert 
    into
        barang
        (diskon, harga, id_jenis_brg, id_pemasok, nama, persen_laba, stok, id_barang) 
    values
        (?, ?, ?, ?, ?, ?, ?, ?)
2025-12-28 09:32:06 - 
    insert 
    into
        transaksi
        (id_karyawan, id_pelanggan, tgl_transaksi, kode_transaksi) 
    values
        (?, ?, ?, ?)
2025-12-28 09:32:06 - 
    insert 
    into
        detail_transaksi
        (jumlah, id_barang, kode_transaksi) 
    values
        (?, ?, ?)
2025-12-28 09:32:06 - 
    select
        dt1_0.id_barang,
        dt1_0.kode_transaksi,
        dt1_0.jumlah 
    from
        detail_transaksi dt1_0
2025-12-28 09:32:06 - 
    insert 
    into
        jenis_barang
        (nama_jenis_brg, id_jenis_brg) 
    values
        (?, default)
2025-12-28 09:32:06 - 
    select
        p1_0.id_pelanggan,
        p1_0.alamat,
        p1_0.jenis_kelamin,
        p1_0.jenis_pelanggan,
        p1_0.nama,
        p1_0.telepon,
        p1_0.tgl_lahir 
    from
        pelanggan p1_0 
    where
        p1_0.id_pelanggan=?
2025-12-28 09:32:06 - 
    select
        k1_0.id_karyawan,
        k1_0.alamat,
        k1_0.gaji,
        k1_0.jenis_kelamin,
        k1_0.nama,
        k1_0.telepon,
        k1_0.tgl_lahir 
    from
        karyawan k1_0 
    where
        k1_0.id_karyawan=?
2025-12-28 09:32:06 - 
    select
        b1_0.id_barang,
        b1_0.diskon,
        b1_0.harga,
        b1_0.id_jenis_brg,
        b1_0.id_pemasok,
        b1_0.nama,
        b1_0.persen_laba,
        b1_0.stok 
    from
        barang b1_0 
    where
        b1_0.id_barang=?
2025-12-28 09:32:06 - 
    select
        t1_0.kode_transaksi,
        t1_0.id_karyawan,
        k1_0.id_karyawan,
        k1_0.alamat,
        k1_0.gaji,
        k1_0.jenis_kelamin,
        k1_0.nama,
        k1_0.telepon,
        k1_0.tgl_lahir,
        t1_0.id_pelanggan,
        p1_0.id_pelanggan,
        p1_0.alamat,
        p1_0.jenis_kelamin,
        p1_0.jenis_pelanggan,
        p1_0.nama,
        p1_0.telepon,
        p1_0.tgl_lahir,
        t1_0.tgl_transaksi 
    from
        transaksi t1_0 
    join
        karyawan k1_0 
            on k1_0.id_karyawan=t1_0.id_karyawan 
    join
        pelanggan p1_0 
            on p1_0.id_pelanggan=t1_0.id_pelanggan 
    where
        t1_0.kode_transaksi=?
2025-12-28 09:32:06 - 
    select
        dt1_0.id_barang,
        dt1_0.kode_transaksi,
        b1_0.id_barang,
        b1_0.diskon,
        b1_0.harga,
        b1_0.id_jenis_brg,
        b1_0.id_pemasok,
        b1_0.nama,
        b1_0.persen_laba,
        b1_0.stok,
        dt1_0.jumlah,
        t1_0.kode_transaksi,
        t1_0.id_karyawan,
        k1_0.id_karyawan,
        k1_0.alamat,
        k1_0.gaji,
        k1_0.jenis_kelamin,
        k1_0.nama,
        k1_0.telepon,
        k1_0.tgl_lahir,
        t1_0.id_pelanggan,
        p1_0.id_pelanggan,
        p1_0.alamat,
        p1_0.jenis_kelamin,
        p1_0.jenis_pelanggan,
        p1_0.nama,
        p1_0.telepon,
        p1_0.tgl_lahir,
        t1_0.tgl_transaksi 
    from
        detail_transaksi dt1_0 
    left join
        barang b1_0 
            on b1_0.id_barang=dt1_0.id_barang 
    left join
        transaksi t1_0 
            on t1_0.kode_transaksi=dt1_0.kode_transaksi 
    left join
        karyawan k1_0 
            on k1_0.id_karyawan=t1_0.id_karyawan 
    left join
        pelanggan p1_0 
            on p1_0.id_pelanggan=t1_0.id_pelanggan 
    where
        (
            dt1_0.id_barang, dt1_0.kode_transaksi
        ) in ((?, ?))
[INFO] Tests run: 2, Failures: 0, Errors: 0, Skipped: 0, Time elapsed: 0.519 s -- in ui.ft.ccit.faculty.transaksi.detailtransaksi.DetailTransaksiRepositoryTest
[INFO] Running ui.ft.ccit.faculty.transaksi.karyawan.KaryawanRepositoryTest
2025-12-28 09:32:06 - Could not detect default configuration classes for test class [ui.ft.ccit.faculty.transaksi.karyawan.KaryawanRepositoryTest]: KaryawanRepositoryTest does not declare any static, non-private, non-final, nested classes annotated with @Configuration.
2025-12-28 09:32:06 - Found @SpringBootConfiguration ui.ft.ccit.faculty.transaksi.TransaksiApplication for test class ui.ft.ccit.faculty.transaksi.karyawan.KaryawanRepositoryTest
2025-12-28 09:32:06 - 
    select
        k1_0.id_karyawan,
        k1_0.alamat,
        k1_0.gaji,
        k1_0.jenis_kelamin,
        k1_0.nama,
        k1_0.telepon,
        k1_0.tgl_lahir 
    from
        karyawan k1_0 
    where
        k1_0.id_karyawan=?
2025-12-28 09:32:06 - 
    insert 
    into
        karyawan
        (alamat, gaji, jenis_kelamin, nama, telepon, tgl_lahir, id_karyawan) 
    values
        (?, ?, ?, ?, ?, ?, ?)
2025-12-28 09:32:06 - 
    select
        count(*) 
    from
        karyawan k1_0 
    where
        k1_0.id_karyawan=?
2025-12-28 09:32:06 - 
    select
        count(*) 
    from
        karyawan k1_0 
    where
        k1_0.id_karyawan=?
2025-12-28 09:32:06 - 
    select
        k1_0.id_karyawan,
        k1_0.alamat,
        k1_0.gaji,
        k1_0.jenis_kelamin,
        k1_0.nama,
        k1_0.telepon,
        k1_0.tgl_lahir 
    from
        karyawan k1_0 
    where
        k1_0.id_karyawan=?
2025-12-28 09:32:06 - 
    insert 
    into
        karyawan
        (alamat, gaji, jenis_kelamin, nama, telepon, tgl_lahir, id_karyawan) 
    values
        (?, ?, ?, ?, ?, ?, ?)
2025-12-28 09:32:06 - 
    select
        k1_0.id_karyawan,
        k1_0.alamat,
        k1_0.gaji,
        k1_0.jenis_kelamin,
        k1_0.nama,
        k1_0.telepon,
        k1_0.tgl_lahir 
    from
        karyawan k1_0
2025-12-28 09:32:06 - 
    select
        k1_0.id_karyawan,
        k1_0.alamat,
        k1_0.gaji,
        k1_0.jenis_kelamin,
        k1_0.nama,
        k1_0.telepon,
        k1_0.tgl_lahir 
    from
        karyawan k1_0 
    where
        k1_0.id_karyawan=?
[INFO] Tests run: 3, Failures: 0, Errors: 0, Skipped: 0, Time elapsed: 0.239 s -- in ui.ft.ccit.faculty.transaksi.karyawan.KaryawanRepositoryTest
[INFO] Running ui.ft.ccit.faculty.transaksi.pelanggan.PelangganRepositoryTest
2025-12-28 09:32:06 - Could not detect default configuration classes for test class [ui.ft.ccit.faculty.transaksi.pelanggan.PelangganRepositoryTest]: PelangganRepositoryTest does not declare any static, non-private, non-final, nested classes annotated with @Configuration.
2025-12-28 09:32:06 - Found @SpringBootConfiguration ui.ft.ccit.faculty.transaksi.TransaksiApplication for test class ui.ft.ccit.faculty.transaksi.pelanggan.PelangganRepositoryTest
2025-12-28 09:32:06 - 
    select
        p1_0.id_pelanggan,
        p1_0.alamat,
        p1_0.jenis_kelamin,
        p1_0.jenis_pelanggan,
        p1_0.nama,
        p1_0.telepon,
        p1_0.tgl_lahir 
    from
        pelanggan p1_0 
    where
        p1_0.id_pelanggan=?
2025-12-28 09:32:06 - 
    select
        p1_0.id_pelanggan,
        p1_0.alamat,
        p1_0.jenis_kelamin,
        p1_0.jenis_pelanggan,
        p1_0.nama,
        p1_0.telepon,
        p1_0.tgl_lahir 
    from
        pelanggan p1_0 
    where
        p1_0.id_pelanggan=?
2025-12-28 09:32:06 - 
    insert 
    into
        pelanggan
        (alamat, jenis_kelamin, jenis_pelanggan, nama, telepon, tgl_lahir, id_pelanggan) 
    values
        (?, ?, ?, ?, ?, ?, ?)
2025-12-28 09:32:06 - 
    select
        p1_0.id_pelanggan,
        p1_0.alamat,
        p1_0.jenis_kelamin,
        p1_0.jenis_pelanggan,
        p1_0.nama,
        p1_0.telepon,
        p1_0.tgl_lahir 
    from
        pelanggan p1_0
[INFO] Tests run: 2, Failures: 0, Errors: 0, Skipped: 0, Time elapsed: 0.157 s -- in ui.ft.ccit.faculty.transaksi.pelanggan.PelangganRepositoryTest
[INFO] Running ui.ft.ccit.faculty.transaksi.reporting.view.ReportingServiceTest
[INFO] Tests run: 1, Failures: 0, Errors: 0, Skipped: 0, Time elapsed: 0.548 s -- in ui.ft.ccit.faculty.transaksi.reporting.view.ReportingServiceTest
[INFO] Running ui.ft.ccit.faculty.transaksi.transaksi.TransaksiRepositoryTest
2025-12-28 09:32:07 - Could not detect default configuration classes for test class [ui.ft.ccit.faculty.transaksi.transaksi.TransaksiRepositoryTest]: TransaksiRepositoryTest does not declare any static, non-private, non-final, nested classes annotated with @Configuration.
2025-12-28 09:32:07 - Found @SpringBootConfiguration ui.ft.ccit.faculty.transaksi.TransaksiApplication for test class ui.ft.ccit.faculty.transaksi.transaksi.TransaksiRepositoryTest
2025-12-28 09:32:07 - 
    select
        p1_0.id_pelanggan,
        p1_0.alamat,
        p1_0.jenis_kelamin,
        p1_0.jenis_pelanggan,
        p1_0.nama,
        p1_0.telepon,
        p1_0.tgl_lahir 
    from
        pelanggan p1_0 
    where
        p1_0.id_pelanggan=?
2025-12-28 09:32:07 - 
    select
        k1_0.id_karyawan,
        k1_0.alamat,
        k1_0.gaji,
        k1_0.jenis_kelamin,
        k1_0.nama,
        k1_0.telepon,
        k1_0.tgl_lahir 
    from
        karyawan k1_0 
    where
        k1_0.id_karyawan=?
2025-12-28 09:32:07 - 
    select
        t1_0.kode_transaksi,
        t1_0.id_karyawan,
        k1_0.id_karyawan,
        k1_0.alamat,
        k1_0.gaji,
        k1_0.jenis_kelamin,
        k1_0.nama,
        k1_0.telepon,
        k1_0.tgl_lahir,
        t1_0.id_pelanggan,
        p1_0.id_pelanggan,
        p1_0.alamat,
        p1_0.jenis_kelamin,
        p1_0.jenis_pelanggan,
        p1_0.nama,
        p1_0.telepon,
        p1_0.tgl_lahir,
        t1_0.tgl_transaksi 
    from
        transaksi t1_0 
    join
        karyawan k1_0 
            on k1_0.id_karyawan=t1_0.id_karyawan 
    join
        pelanggan p1_0 
            on p1_0.id_pelanggan=t1_0.id_pelanggan 
    where
        t1_0.kode_transaksi=?
2025-12-28 09:32:07 - 
    insert 
    into
        pelanggan
        (alamat, jenis_kelamin, jenis_pelanggan, nama, telepon, tgl_lahir, id_pelanggan) 
    values
        (?, ?, ?, ?, ?, ?, ?)
2025-12-28 09:32:07 - 
    insert 
    into
        karyawan
        (alamat, gaji, jenis_kelamin, nama, telepon, tgl_lahir, id_karyawan) 
    values
        (?, ?, ?, ?, ?, ?, ?)
2025-12-28 09:32:07 - 
    insert 
    into
        transaksi
        (id_karyawan, id_pelanggan, tgl_transaksi, kode_transaksi) 
    values
        (?, ?, ?, ?)
2025-12-28 09:32:07 - 
    select
        t1_0.kode_transaksi,
        t1_0.id_karyawan,
        t1_0.id_pelanggan,
        t1_0.tgl_transaksi 
    from
        transaksi t1_0
2025-12-28 09:32:07 - 
    select
        p1_0.id_pelanggan,
        p1_0.alamat,
        p1_0.jenis_kelamin,
        p1_0.jenis_pelanggan,
        p1_0.nama,
        p1_0.telepon,
        p1_0.tgl_lahir 
    from
        pelanggan p1_0 
    where
        p1_0.id_pelanggan=?
2025-12-28 09:32:07 - 
    select
        k1_0.id_karyawan,
        k1_0.alamat,
        k1_0.gaji,
        k1_0.jenis_kelamin,
        k1_0.nama,
        k1_0.telepon,
        k1_0.tgl_lahir 
    from
        karyawan k1_0 
    where
        k1_0.id_karyawan=?
2025-12-28 09:32:07 - 
    select
        t1_0.kode_transaksi,
        t1_0.id_karyawan,
        k1_0.id_karyawan,
        k1_0.alamat,
        k1_0.gaji,
        k1_0.jenis_kelamin,
        k1_0.nama,
        k1_0.telepon,
        k1_0.tgl_lahir,
        t1_0.id_pelanggan,
        p1_0.id_pelanggan,
        p1_0.alamat,
        p1_0.jenis_kelamin,
        p1_0.jenis_pelanggan,
        p1_0.nama,
        p1_0.telepon,
        p1_0.tgl_lahir,
        t1_0.tgl_transaksi 
    from
        transaksi t1_0 
    join
        karyawan k1_0 
            on k1_0.id_karyawan=t1_0.id_karyawan 
    join
        pelanggan p1_0 
            on p1_0.id_pelanggan=t1_0.id_pelanggan 
    where
        t1_0.kode_transaksi=?
[INFO] Tests run: 2, Failures: 0, Errors: 0, Skipped: 0, Time elapsed: 0.122 s -- in ui.ft.ccit.faculty.transaksi.transaksi.TransaksiRepositoryTest
[INFO] Running ui.ft.ccit.faculty.transaksi.transaksi.view.TransactionCalculationServiceTest
[INFO] Tests run: 2, Failures: 0, Errors: 0, Skipped: 0, Time elapsed: 0.190 s -- in ui.ft.ccit.faculty.transaksi.transaksi.view.TransactionCalculationServiceTest
[INFO] Running ui.ft.ccit.faculty.transaksi.TransaksiApplicationTests
2025-12-28 09:32:07 - Could not detect default configuration classes for test class [ui.ft.ccit.faculty.transaksi.TransaksiApplicationTests]: TransaksiApplicationTests does not declare any static, non-private, non-final, nested classes annotated with @Configuration.
2025-12-28 09:32:07 - Found @SpringBootConfiguration ui.ft.ccit.faculty.transaksi.TransaksiApplication for test class ui.ft.ccit.faculty.transaksi.TransaksiApplicationTests
[INFO] Tests run: 1, Failures: 0, Errors: 0, Skipped: 0, Time elapsed: 0.078 s -- in ui.ft.ccit.faculty.transaksi.TransaksiApplicationTests
[INFO] 
[INFO] Results:
[INFO] 
[INFO] Tests run: 15, Failures: 0, Errors: 0, Skipped: 0
[INFO] 
[INFO] ------------------------------------------------------------------------
[INFO] BUILD SUCCESS
[INFO] ------------------------------------------------------------------------
[INFO] Total time:  49.217 s
[INFO] Finished at: 2025-12-28T09:32:07+07:00
[INFO] ------------------------------------------------------------------------
